<?xml version="1.0" encoding="UTF-8"?>
<!-- Generated by org.testng.reporters.JUnitXMLReporter -->
<testsuite ignored="0" hostname="Jahanzabs-MacBook-Pro.local" failures="2" tests="4" name="Test" time="12.294" errors="0" timestamp="2022-08-24T01:47:14 PKT">
  <testcase classname="com.anwaltde.automation.InvalidLengthValueTest" name="invalidLength" time="4.34">
    <failure type="java.lang.AssertionError" message="Generate Counter String Message expected [false] but found [true]">
      <![CDATA[java.lang.AssertionError: Generate Counter String Message expected [false] but found [true]
at com.anwaltde.automation.InvalidLengthValueTest.invalidLength(InvalidLengthValueTest.java:34)
at java.base/java.util.ArrayList.forEach(ArrayList.java:1511)
... Removed 30 stack frames]]>
    </failure>
  </testcase> <!-- invalidLength -->
  <testcase classname="com.anwaltde.automation.CopyStringTest" name="copyString" time="2.612"/>
  <testcase classname="com.anwaltde.automation.GenerateCounterStringTest" name="generateCounterString" time="2.547"/>
  <testcase classname="com.anwaltde.automation.InvalidCopyTest" name="invalidcopyString" time="2.465">
    <failure type="java.lang.AssertionError" message="expected [10] but found [10]">
      <![CDATA[java.lang.AssertionError: expected [10] but found [10]
at com.anwaltde.automation.InvalidCopyTest.invalidcopyString(InvalidCopyTest.java:39)
at java.base/java.util.ArrayList.forEach(ArrayList.java:1511)
... Removed 32 stack frames]]>
    </failure>
  </testcase> <!-- invalidcopyString -->
</testsuite> <!-- Test -->
